d:\study\2.1\api\winapiframework\win32project1\debug\win32project1.pch
d:\study\2.1\api\winapiframework\win32project1\debug\vc140.pdb
d:\study\2.1\api\winapiframework\win32project1\debug\vc140.idb
d:\study\2.1\api\winapiframework\win32project1\debug\stdafx.obj
d:\study\2.1\api\winapiframework\win32project1\debug\doublebuffering.obj
d:\study\2.1\api\winapiframework\win32project1\debug\maingame.obj
d:\study\2.1\api\winapiframework\win32project1\debug\obj.obj
d:\study\2.1\api\winapiframework\win32project1\debug\win32project1.obj
d:\study\2.1\api\winapiframework\debug\win32project1.ilk
d:\study\2.1\api\winapiframework\debug\win32project1.exe
d:\study\2.1\api\winapiframework\debug\win32project1.pdb
d:\study\2.1\api\winapiframework\win32project1\debug\win32project1.res
d:\study\2.1\api\winapiframework\win32project1\debug\win32project1.tlog\cl.command.1.tlog
d:\study\2.1\api\winapiframework\win32project1\debug\win32project1.tlog\cl.read.1.tlog
d:\study\2.1\api\winapiframework\win32project1\debug\win32project1.tlog\cl.write.1.tlog
d:\study\2.1\api\winapiframework\win32project1\debug\win32project1.tlog\link.command.1.tlog
d:\study\2.1\api\winapiframework\win32project1\debug\win32project1.tlog\link.read.1.tlog
d:\study\2.1\api\winapiframework\win32project1\debug\win32project1.tlog\link.write.1.tlog
d:\study\2.1\api\winapiframework\win32project1\debug\win32project1.tlog\rc.command.1.tlog
d:\study\2.1\api\winapiframework\win32project1\debug\win32project1.tlog\rc.read.1.tlog
d:\study\2.1\api\winapiframework\win32project1\debug\win32project1.tlog\rc.write.1.tlog
