C:\Program Files (x86)\Microsoft Visual Studio\2019\Community\MSBuild\Microsoft\VC\v160\Microsoft.CppBuild.targets(467,5): warning MSB8028: 중간 디렉터리(Debug\)에 다른 프로젝트(Win32Project1.vcxproj)에서 공유하는 파일이 포함되어 있습니다.  이로 인해 잘못된 정리 및 다시 빌드 동작이 수행될 수 있습니다.
  Ball.cpp
D:\Projects\NetworkGamePrograming\Common\Ball.cpp(39,44): warning C4244: '인수': 'float'에서 'int'(으)로 변환하면서 데이터가 손실될 수 있습니다.
D:\Projects\NetworkGamePrograming\Common\Ball.cpp(39,16): warning C4244: '인수': 'float'에서 'int'(으)로 변환하면서 데이터가 손실될 수 있습니다.
D:\Projects\NetworkGamePrograming\Common\Ball.cpp(38,56): warning C4244: '인수': 'float'에서 'int'(으)로 변환하면서 데이터가 손실될 수 있습니다.
D:\Projects\NetworkGamePrograming\Common\Ball.cpp(38,28): warning C4244: '인수': 'float'에서 'int'(으)로 변환하면서 데이터가 손실될 수 있습니다.
  CMyFunc.cpp
  Obj.cpp
  Timer.cpp
D:\Projects\NetworkGamePrograming\Common\Timer.cpp(24,19): warning C4244: 'return': '_Rep'에서 'double'(으)로 변환하면서 데이터가 손실될 수 있습니다.
          with
          [
              _Rep=__int64
          ]
D:\Projects\NetworkGamePrograming\Common\Timer.cpp(32,19): warning C4244: 'return': '_Rep'에서 'int'(으)로 변환하면서 데이터가 손실될 수 있습니다.
          with
          [
              _Rep=__int64
          ]
  Vector2.cpp
D:\Projects\NetworkGamePrograming\Common\Vector2.cpp(27,10): warning C4244: '=': 'int'에서 'float'(으)로 변환하면서 데이터가 손실될 수 있습니다.
D:\Projects\NetworkGamePrograming\Common\Vector2.cpp(28,10): warning C4244: '=': 'int'에서 'float'(으)로 변환하면서 데이터가 손실될 수 있습니다.
  GUI.cpp
  코드를 생성하고 있습니다...
D:\Projects\NetworkGamePrograming\Common\Timer.cpp(44): warning C4172: 지역 변수 또는 임시의 주소를 반환하고 있습니다.
D:\Projects\NetworkGamePrograming\Common\Timer.cpp(45): warning C4172: 지역 변수 또는 임시의 주소를 반환하고 있습니다.
D:\Projects\NetworkGamePrograming\Common\CMyFunc.cpp(23): warning C4172: 지역 변수 또는 임시의 주소를 반환하고 있습니다.
D:\Projects\NetworkGamePrograming\Common\CMyFunc.cpp(30): warning C4172: 지역 변수 또는 임시의 주소를 반환하고 있습니다.
  Win32Project1.vcxproj -> D:\Projects\NetworkGamePrograming\Debug\NetGameProgramingClient.exe
